<?xml version="1.0" encoding="UTF-8"?>
<!-- Generated by org.testng.reporters.JUnitReportReporter -->
<testsuite hostname="DESKTOP-K11A72G" failures="0" tests="6" name="testNGListeners.DemoLisTC" time="11.066" errors="0" timestamp="2023-01-24T16:38:17 AEDT" skipped="0">
  <testcase classname="testNGListeners.DemoLisTC" name="test3" time="1.466"/>
  <system-out/>
  <testcase classname="testNGListeners.DemoLisTC" name="test4" time="1.622"/>
  <system-out/>
  <testcase classname="testNGListeners.DemoLisTC" name="test1" time="1.647"/>
  <system-out/>
  <testcase classname="testNGListeners.DemoLisTC" name="test4" time="1.660"/>
  <system-out/>
  <testcase classname="testNGListeners.DemoLisTC" name="test4" time="1.470"/>
  <system-out/>
  <testcase classname="testNGListeners.DemoLisTC" name="test2" time="3.201"/>
  <system-out/>
</testsuite> <!-- testNGListeners.DemoLisTC -->
