<?xml version="1.0" encoding="UTF-8"?>
<!-- Generated by org.testng.reporters.JUnitReportReporter -->
<testsuite hostname="DESKTOP-K11A72G" failures="0" tests="1" name="mavenDemo.googleLogin" time="8.873" errors="0" timestamp="2023-01-23T16:48:31 AEDT" skipped="0">
  <testcase classname="mavenDemo.googleLogin" name="login" time="8.873"/>
  <system-out/>
</testsuite> <!-- mavenDemo.googleLogin -->
