<?xml version="1.0" encoding="UTF-8"?>
<!-- Generated by org.testng.reporters.JUnitReportReporter -->
<testsuite skipped="0" hostname="DESKTOP-K11A72G" name="mavenDemo.GoogleLogin2" tests="1" failures="0" timestamp="2023-01-27T18:52:59 AEDT" time="9.337" errors="0">
  <testcase name="login2" time="9.337" classname="mavenDemo.GoogleLogin2"/>
  <system-out/>
</testsuite> <!-- mavenDemo.GoogleLogin2 -->
