<?xml version="1.0" encoding="UTF-8"?>
<!-- Generated by org.testng.reporters.JUnitReportReporter -->
<testsuite skipped="0" hostname="DESKTOP-K11A72G" name="mavenDemo.googleLogin" tests="1" failures="0" timestamp="2023-01-27T18:52:59 AEDT" time="5.673" errors="0">
  <testcase name="login" time="5.673" classname="mavenDemo.googleLogin"/>
  <system-out/>
</testsuite> <!-- mavenDemo.googleLogin -->
